{"C:\\Users\\aliwa\\OneDrive\\Documents\\Coding Practice\\reduce-test\\src\\convertToOrdinalNumber.js": {"path":"C:\\Users\\aliwa\\OneDrive\\Documents\\Coding Practice\\reduce-test\\src\\convertToOrdinalNumber.js","statementMap":{"0":{"start":{"line":1,"column":18},"end":{"line":5,"column":1}},"1":{"start":{"line":7,"column":31},"end":{"line":10,"column":1}},"2":{"start":{"line":8,"column":2},"end":{"line":8,"column":34}},"3":{"start":{"line":8,"column":23},"end":{"line":8,"column":34}},"4":{"start":{"line":9,"column":2},"end":{"line":9,"column":77}}},"fnMap":{"0":{"name":"(anonymous_0)","decl":{"start":{"line":7,"column":31},"end":{"line":7,"column":32}},"loc":{"start":{"line":7,"column":40},"end":{"line":10,"column":1}},"line":7}},"branchMap":{"0":{"loc":{"start":{"line":8,"column":2},"end":{"line":8,"column":34}},"type":"if","locations":[{"start":{"line":8,"column":2},"end":{"line":8,"column":34}},{"start":{},"end":{}}],"line":8},"1":{"loc":{"start":{"line":8,"column":6},"end":{"line":8,"column":21}},"type":"binary-expr","locations":[{"start":{"line":8,"column":6},"end":{"line":8,"column":10}},{"start":{"line":8,"column":14},"end":{"line":8,"column":21}}],"line":8},"2":{"loc":{"start":{"line":9,"column":9},"end":{"line":9,"column":76}},"type":"cond-expr","locations":[{"start":{"line":9,"column":33},"end":{"line":9,"column":63}},{"start":{"line":9,"column":66},"end":{"line":9,"column":76}}],"line":9}},"s":{"0":1,"1":1,"2":9,"3":4,"4":5},"f":{"0":9},"b":{"0":[4,5],"1":[9,6],"2":[4,1]},"_coverageSchema":"1a1c01bbd47fc00a2c39e90264f33305004495a9","hash":"f45cb20d2c96d43216b492744f5aaae2c70ae38a"}
,"C:\\Users\\aliwa\\OneDrive\\Documents\\Coding Practice\\reduce-test\\src\\reducePractice.js": {"path":"C:\\Users\\aliwa\\OneDrive\\Documents\\Coding Practice\\reduce-test\\src\\reducePractice.js","statementMap":{"0":{"start":{"line":8,"column":21},"end":{"line":13,"column":1}},"1":{"start":{"line":15,"column":35},"end":{"line":20,"column":5}},"2":{"start":{"line":17,"column":4},"end":{"line":17,"column":59}},"3":{"start":{"line":18,"column":23},"end":{"line":18,"column":45}},"4":{"start":{"line":19,"column":2},"end":{"line":19,"column":60}},"5":{"start":{"line":22,"column":15},"end":{"line":27,"column":1}},"6":{"start":{"line":29,"column":19},"end":{"line":34,"column":6}},"7":{"start":{"line":30,"column":14},"end":{"line":30,"column":24}},"8":{"start":{"line":31,"column":2},"end":{"line":31,"column":58}},"9":{"start":{"line":31,"column":34},"end":{"line":31,"column":58}},"10":{"start":{"line":32,"column":2},"end":{"line":32,"column":39}},"11":{"start":{"line":33,"column":2},"end":{"line":33,"column":23}},"12":{"start":{"line":41,"column":13},"end":{"line":81,"column":1}},"13":{"start":{"line":83,"column":23},"end":{"line":89,"column":6}},"14":{"start":{"line":84,"column":2},"end":{"line":87,"column":5}},"15":{"start":{"line":85,"column":4},"end":{"line":85,"column":59}},"16":{"start":{"line":86,"column":4},"end":{"line":86,"column":24}},"17":{"start":{"line":88,"column":2},"end":{"line":88,"column":16}},"18":{"start":{"line":91,"column":21},"end":{"line":91,"column":68}},"19":{"start":{"line":91,"column":32},"end":{"line":91,"column":68}},"20":{"start":{"line":91,"column":51},"end":{"line":91,"column":67}},"21":{"start":{"line":93,"column":30},"end":{"line":96,"column":7}},"22":{"start":{"line":94,"column":2},"end":{"line":96,"column":7}},"23":{"start":{"line":95,"column":4},"end":{"line":95,"column":38}},"24":{"start":{"line":98,"column":35},"end":{"line":113,"column":1}},"25":{"start":{"line":99,"column":2},"end":{"line":112,"column":6}},"26":{"start":{"line":100,"column":20},"end":{"line":100,"column":25}},"27":{"start":{"line":103,"column":8},"end":{"line":103,"column":56}},"28":{"start":{"line":105,"column":8},"end":{"line":107,"column":9}},"29":{"start":{"line":106,"column":10},"end":{"line":106,"column":44}},"30":{"start":{"line":109,"column":8},"end":{"line":109,"column":27}},"31":{"start":{"line":115,"column":21},"end":{"line":119,"column":13}},"32":{"start":{"line":116,"column":2},"end":{"line":119,"column":13}},"33":{"start":{"line":118,"column":19},"end":{"line":118,"column":26}}},"fnMap":{"0":{"name":"(anonymous_0)","decl":{"start":{"line":15,"column":57},"end":{"line":15,"column":58}},"loc":{"start":{"line":15,"column":77},"end":{"line":20,"column":1}},"line":15},"1":{"name":"(anonymous_1)","decl":{"start":{"line":29,"column":33},"end":{"line":29,"column":34}},"loc":{"start":{"line":29,"column":60},"end":{"line":34,"column":1}},"line":29},"2":{"name":"(anonymous_2)","decl":{"start":{"line":83,"column":35},"end":{"line":83,"column":36}},"loc":{"start":{"line":83,"column":53},"end":{"line":89,"column":1}},"line":83},"3":{"name":"(anonymous_3)","decl":{"start":{"line":84,"column":29},"end":{"line":84,"column":30}},"loc":{"start":{"line":84,"column":47},"end":{"line":87,"column":3}},"line":84},"4":{"name":"(anonymous_4)","decl":{"start":{"line":91,"column":21},"end":{"line":91,"column":22}},"loc":{"start":{"line":91,"column":32},"end":{"line":91,"column":68}},"line":91},"5":{"name":"(anonymous_5)","decl":{"start":{"line":91,"column":42},"end":{"line":91,"column":43}},"loc":{"start":{"line":91,"column":51},"end":{"line":91,"column":67}},"line":91},"6":{"name":"(anonymous_6)","decl":{"start":{"line":93,"column":30},"end":{"line":93,"column":31}},"loc":{"start":{"line":94,"column":2},"end":{"line":96,"column":7}},"line":94},"7":{"name":"(anonymous_7)","decl":{"start":{"line":94,"column":15},"end":{"line":94,"column":16}},"loc":{"start":{"line":94,"column":29},"end":{"line":96,"column":3}},"line":94},"8":{"name":"(anonymous_8)","decl":{"start":{"line":98,"column":35},"end":{"line":98,"column":36}},"loc":{"start":{"line":98,"column":46},"end":{"line":113,"column":1}},"line":98},"9":{"name":"(anonymous_9)","decl":{"start":{"line":100,"column":10},"end":{"line":100,"column":11}},"loc":{"start":{"line":100,"column":20},"end":{"line":100,"column":25}},"line":100},"10":{"name":"(anonymous_10)","decl":{"start":{"line":102,"column":6},"end":{"line":102,"column":7}},"loc":{"start":{"line":102,"column":51},"end":{"line":110,"column":7}},"line":102},"11":{"name":"(anonymous_11)","decl":{"start":{"line":115,"column":21},"end":{"line":115,"column":22}},"loc":{"start":{"line":116,"column":2},"end":{"line":119,"column":13}},"line":116},"12":{"name":"(anonymous_12)","decl":{"start":{"line":118,"column":9},"end":{"line":118,"column":10}},"loc":{"start":{"line":118,"column":19},"end":{"line":118,"column":26}},"line":118}},"branchMap":{"0":{"loc":{"start":{"line":17,"column":4},"end":{"line":17,"column":59}},"type":"cond-expr","locations":[{"start":{"line":17,"column":25},"end":{"line":17,"column":43}},{"start":{"line":17,"column":46},"end":{"line":17,"column":59}}],"line":17},"1":{"loc":{"start":{"line":19,"column":9},"end":{"line":19,"column":59}},"type":"cond-expr","locations":[{"start":{"line":19,"column":26},"end":{"line":19,"column":31}},{"start":{"line":19,"column":34},"end":{"line":19,"column":59}}],"line":19},"2":{"loc":{"start":{"line":31,"column":2},"end":{"line":31,"column":58}},"type":"if","locations":[{"start":{"line":31,"column":2},"end":{"line":31,"column":58}},{"start":{},"end":{}}],"line":31},"3":{"loc":{"start":{"line":85,"column":28},"end":{"line":85,"column":53}},"type":"binary-expr","locations":[{"start":{"line":85,"column":28},"end":{"line":85,"column":48}},{"start":{"line":85,"column":52},"end":{"line":85,"column":53}}],"line":85},"4":{"loc":{"start":{"line":95,"column":11},"end":{"line":95,"column":37}},"type":"cond-expr","locations":[{"start":{"line":95,"column":22},"end":{"line":95,"column":31}},{"start":{"line":95,"column":34},"end":{"line":95,"column":37}}],"line":95},"5":{"loc":{"start":{"line":105,"column":8},"end":{"line":107,"column":9}},"type":"if","locations":[{"start":{"line":105,"column":8},"end":{"line":107,"column":9}},{"start":{},"end":{}}],"line":105}},"s":{"0":1,"1":1,"2":4,"3":4,"4":4,"5":1,"6":1,"7":4,"8":4,"9":3,"10":4,"11":4,"12":1,"13":1,"14":6,"15":22,"16":22,"17":6,"18":1,"19":1,"20":5,"21":1,"22":1,"23":7,"24":1,"25":1,"26":6,"27":4,"28":4,"29":1,"30":4,"31":1,"32":1,"33":4},"f":{"0":4,"1":4,"2":6,"3":22,"4":1,"5":5,"6":1,"7":7,"8":1,"9":6,"10":4,"11":1,"12":4},"b":{"0":[2,2],"1":[1,3],"2":[3,1],"3":[22,10],"4":[4,3],"5":[1,3]},"_coverageSchema":"1a1c01bbd47fc00a2c39e90264f33305004495a9","hash":"27a2ccd96affa79681d8428922b10012bb737e3c"}
}
