{"C:\\Users\\aliwa\\OneDrive\\Documents\\Coding Practice\\reduce-test\\src\\index.js": {"path":"C:\\Users\\aliwa\\OneDrive\\Documents\\Coding Practice\\reduce-test\\src\\index.js","statementMap":{"0":{"start":{"line":1,"column":18},"end":{"line":5,"column":1}},"1":{"start":{"line":7,"column":31},"end":{"line":10,"column":1}},"2":{"start":{"line":8,"column":2},"end":{"line":8,"column":34}},"3":{"start":{"line":8,"column":23},"end":{"line":8,"column":34}},"4":{"start":{"line":9,"column":2},"end":{"line":9,"column":77}}},"fnMap":{"0":{"name":"(anonymous_0)","decl":{"start":{"line":7,"column":31},"end":{"line":7,"column":32}},"loc":{"start":{"line":7,"column":40},"end":{"line":10,"column":1}},"line":7}},"branchMap":{"0":{"loc":{"start":{"line":8,"column":2},"end":{"line":8,"column":34}},"type":"if","locations":[{"start":{"line":8,"column":2},"end":{"line":8,"column":34}},{"start":{},"end":{}}],"line":8},"1":{"loc":{"start":{"line":8,"column":6},"end":{"line":8,"column":21}},"type":"binary-expr","locations":[{"start":{"line":8,"column":6},"end":{"line":8,"column":10}},{"start":{"line":8,"column":14},"end":{"line":8,"column":21}}],"line":8},"2":{"loc":{"start":{"line":9,"column":9},"end":{"line":9,"column":76}},"type":"cond-expr","locations":[{"start":{"line":9,"column":33},"end":{"line":9,"column":63}},{"start":{"line":9,"column":66},"end":{"line":9,"column":76}}],"line":9}},"s":{"0":1,"1":1,"2":9,"3":4,"4":5},"f":{"0":9},"b":{"0":[4,5],"1":[9,6],"2":[4,1]},"_coverageSchema":"1a1c01bbd47fc00a2c39e90264f33305004495a9","hash":"3fbd0ad56fa0a979f627aea29b7f53f48a2e2ea2"}
}
