TN:
SF:src\convertToOrdinalNumber.js
FN:7,(anonymous_0)
FNF:1
FNH:1
FNDA:9,(anonymous_0)
DA:1,1
DA:7,1
DA:8,9
DA:9,5
LF:4
LH:4
BRDA:8,0,0,4
BRDA:8,0,1,5
BRDA:8,1,0,9
BRDA:8,1,1,6
BRDA:9,2,0,4
BRDA:9,2,1,1
BRF:6
BRH:6
end_of_record
TN:
SF:src\reducePractice.js
FN:15,(anonymous_0)
FN:29,(anonymous_1)
FN:83,(anonymous_2)
FN:84,(anonymous_3)
FN:91,(anonymous_4)
FN:91,(anonymous_5)
FN:93,(anonymous_6)
FN:94,(anonymous_7)
FN:98,(anonymous_8)
FN:100,(anonymous_9)
FN:102,(anonymous_10)
FN:115,(anonymous_11)
FN:118,(anonymous_12)
FNF:13
FNH:13
FNDA:4,(anonymous_0)
FNDA:4,(anonymous_1)
FNDA:6,(anonymous_2)
FNDA:22,(anonymous_3)
FNDA:1,(anonymous_4)
FNDA:5,(anonymous_5)
FNDA:1,(anonymous_6)
FNDA:7,(anonymous_7)
FNDA:1,(anonymous_8)
FNDA:6,(anonymous_9)
FNDA:4,(anonymous_10)
FNDA:1,(anonymous_11)
FNDA:4,(anonymous_12)
DA:8,1
DA:15,1
DA:17,4
DA:18,4
DA:19,4
DA:22,1
DA:29,1
DA:30,4
DA:31,4
DA:32,4
DA:33,4
DA:41,1
DA:83,1
DA:84,6
DA:85,22
DA:86,22
DA:88,6
DA:91,5
DA:93,1
DA:94,1
DA:95,7
DA:98,1
DA:99,1
DA:100,6
DA:103,4
DA:105,4
DA:106,1
DA:109,4
DA:115,1
DA:116,1
DA:118,4
LF:31
LH:31
BRDA:17,0,0,2
BRDA:17,0,1,2
BRDA:19,1,0,1
BRDA:19,1,1,3
BRDA:31,2,0,3
BRDA:31,2,1,1
BRDA:85,3,0,22
BRDA:85,3,1,10
BRDA:95,4,0,4
BRDA:95,4,1,3
BRDA:105,5,0,1
BRDA:105,5,1,3
BRF:12
BRH:12
end_of_record
